<?xml version="1.0" encoding="UTF-8"?>
<testsuite xmlns:xsi="http://www.w3.org/2001/XMLSchema-instance" xsi:noNamespaceSchemaLocation="https://maven.apache.org/surefire/maven-surefire-plugin/xsd/surefire-test-report-3.0.xsd" version="3.0" name="game.mechanica.GameLogicTest" time="0.034" tests="4" errors="0" skipped="0" failures="0">
  <properties>
[...]
</properties>
  <testcase name="answer_Return_No_Empty_List_Test" classname="game.mechanica.GameLogicTest" time="0.005"/>
  <testcase name="answer_Return_String_Type_Test" classname="game.mechanica.GameLogicTest" time="0.003"/>
  <testcase name="answer_Return_List_Size_Test" classname="game.mechanica.GameLogicTest" time="0.003"/>
  <testcase name="answer_Null_String_Argument_Test" classname="game.mechanica.GameLogicTest" time="0.005"/>
</testsuite>